<?xml version="1.0" encoding="UTF-8"?>
<!-- Generated by org.testng.reporters.JUnitXMLReporter -->
<testsuite hostname="DESKTOP-CS733UO" ignored="0" name="Test" tests="3" failures="0" timestamp="2022-07-28T11:25:07 IST" time="33.124" errors="0">
  <testcase name="Test" time="33.019" classname="com.sedt.websitelogin"/>
  <testcase name="tetslogin1" time="0.017" classname="com.sedt.userloginTest"/>
  <testcase name="tetslogin2" time="0.003" classname="com.sedt.userloginTest"/>
</testsuite> <!-- Test -->
