<?xml version="1.0" encoding="UTF-8"?>
<!-- Generated by org.testng.reporters.JUnitXMLReporter -->
<testsuite hostname="DESKTOP-CS733UO" ignored="0" name="Test" tests="3" failures="0" timestamp="2022-07-28T13:10:06 IST" time="22.162" errors="0">
  <testcase name="Test" time="22.06" classname="com.sedt.websitelogin"/>
  <testcase name="tetslogin1" time="0.019" classname="com.sedt.userloginTest"/>
  <testcase name="tetslogin2" time="0.001" classname="com.sedt.userloginTest"/>
</testsuite> <!-- Test -->
